Treatment: ('mine', 7794)
[(3, 1), (1, 4), (3, 2), (3, 4), (1, 2), (3, 3), (0, 3), (0, 1), (0, 1), (4, 5), (0, 1), (3, 2), (4, 1), (1, 3), (4, 3), (4, 3), (2, 1), (1, 3), (3, 4), (2, 4), (4, 2), (4, 2), (2, 3), (4, 1), (0, 2), (3, 1), (2, 1), (0, 5), (1, 4), (1, 1), (1, 5), (1, 1), (2, 2), (2, 4), (2, 2), (4, 1), (0, 4), (1, 2), (3, 3), (4, 4)]
MOVE: 0 0 None 1 1 None
mine hints You about all their yellow cards hints remaining: 7
You has yellow 1, blue 5, white 1, red 4, green 3
MOVE: 1 2 0 1 None None
You plays yellow 1 successfully! Board is now green 0, yellow 1, white 0, blue 0, red 0
You now has blue 5, white 1, red 4, green 3, blue 1
MOVE: 0 0 None 1 2 None
mine hints You about all their white cards hints remaining: 6
You has blue 5, white 1, red 4, green 3, blue 1
MOVE: 1 2 1 1 None None
You plays white 1 successfully! Board is now green 0, yellow 1, white 1, blue 0, red 0
You now has blue 5, red 4, green 3, blue 1, yellow 4
MOVE: 0 1 None 1 None 1
mine hints You about all their 1 hints remaining: 5
You has blue 5, red 4, green 3, blue 1, yellow 4
MOVE: 1 2 3 1 None None
You plays blue 1 successfully! Board is now green 0, yellow 1, white 1, blue 1, red 0
You now has blue 5, red 4, green 3, yellow 4, blue 2
MOVE: 0 0 None 1 3 None
mine hints You about all their blue cards hints remaining: 4
You has blue 5, red 4, green 3, yellow 4, blue 2
MOVE: 1 1 None 0 None 1
You hints mine about all their 1 hints remaining: 3
mine has green 4, blue 1, white 3, white 5, green 2
MOVE: 0 2 1 None None None
mine plays blue 1 and fails. Board was green 0, yellow 1, white 1, blue 1, red 0
mine now has green 4, white 3, white 5, green 2, blue 4
MOVE: 1 1 None 0 None 2
You hints mine about all their 2 hints remaining: 2
mine has green 4, white 3, white 5, green 2, blue 4
MOVE: 0 3 4 None None None
mine discards blue 4
trash is now blue 1, blue 4
mine now has green 4, white 3, white 5, green 2, yellow 2
MOVE: 1 1 None 0 None 2
You hints mine about all their 2 hints remaining: 2
mine has green 4, white 3, white 5, green 2, yellow 2
MOVE: 0 2 4 None None None
mine plays yellow 2 successfully! Board is now green 0, yellow 2, white 1, blue 1, red 0
mine now has green 4, white 3, white 5, green 2, blue 3
MOVE: 1 0 None 0 0 None
You hints mine about all their green cards hints remaining: 1
mine has green 4, white 3, white 5, green 2, blue 3
MOVE: 0 3 4 None None None
mine discards blue 3
trash is now blue 1, blue 4, blue 3
mine now has green 4, white 3, white 5, green 2, green 3
MOVE: 1 3 3 1 None None
You discards yellow 4
trash is now blue 1, blue 4, blue 3, yellow 4
You now has blue 5, red 4, green 3, blue 2, green 1
MOVE: 0 0 None 1 0 None
mine hints You about all their green cards hints remaining: 2
You has blue 5, red 4, green 3, blue 2, green 1
MOVE: 1 3 1 1 None None
You discards red 4
trash is now blue 1, blue 4, blue 3, yellow 4, red 4
You now has blue 5, green 3, blue 2, green 1, green 1
MOVE: 0 1 None 1 None 1
mine hints You about all their 1 hints remaining: 2
You has blue 5, green 3, blue 2, green 1, green 1
MOVE: 1 2 3 1 None None
You plays green 1 successfully! Board is now green 1, yellow 2, white 1, blue 1, red 0
You now has blue 5, green 3, blue 2, green 1, red 5
MOVE: 0 1 None 1 None 5
mine hints You about all their 5 hints remaining: 1
You has blue 5, green 3, blue 2, green 1, red 5
MOVE: 1 2 2 1 None None
You plays blue 2 successfully! Board is now green 1, yellow 2, white 1, blue 2, red 0
You now has blue 5, green 3, green 1, red 5, green 1
MOVE: 0 2 3 None None None
mine plays green 2 successfully! Board is now green 2, yellow 2, white 1, blue 2, red 0
mine now has green 4, white 3, white 5, green 3, blue 2
MOVE: 1 1 None 0 None 3
You hints mine about all their 3 hints remaining: 0
mine has green 4, white 3, white 5, green 3, blue 2
MOVE: 0 2 3 None None None
mine plays green 3 successfully! Board is now green 3, yellow 2, white 1, blue 2, red 0
mine now has green 4, white 3, white 5, blue 2, red 1
MOVE: 1 3 4 1 None None
You discards green 1
trash is now blue 1, blue 4, blue 3, yellow 4, red 4, green 1
You now has blue 5, green 3, green 1, red 5, yellow 3
MOVE: 0 1 None 1 None 3
mine hints You about all their 3 hints remaining: 0
You has blue 5, green 3, green 1, red 5, yellow 3
MOVE: 1 2 4 1 None None
You plays yellow 3 successfully! Board is now green 3, yellow 3, white 1, blue 2, red 0
You now has blue 5, green 3, green 1, red 5, red 3
MOVE: 0 2 0 None None None
mine plays green 4 successfully! Board is now green 4, yellow 3, white 1, blue 2, red 0
mine now has white 3, white 5, blue 2, red 1, red 3
MOVE: 1 3 1 1 None None
You discards green 3
trash is now blue 1, blue 4, blue 3, yellow 4, red 4, green 1, green 3
You now has blue 5, green 1, red 5, red 3, white 1
MOVE: 0 2 0 None None None
mine plays white 3 and fails. Board was green 4, yellow 3, white 1, blue 2, red 0
mine now has white 5, blue 2, red 1, red 3, yellow 3
MOVE: 1 0 None 0 4 None
You hints mine about all their red cards hints remaining: 0
mine has white 5, blue 2, red 1, red 3, yellow 3
MOVE: 0 3 4 None None None
mine discards yellow 3
trash is now blue 1, blue 4, blue 3, yellow 4, red 4, green 1, green 3, white 3, yellow 3
mine now has white 5, blue 2, red 1, red 3, blue 4
MOVE: 1 3 4 1 None None
You discards white 1
trash is now blue 1, blue 4, blue 3, yellow 4, red 4, green 1, green 3, white 3, yellow 3, white 1
You now has blue 5, green 1, red 5, red 3, white 4
MOVE: 0 3 4 None None None
mine discards blue 4
trash is now blue 1, blue 4, blue 3, yellow 4, red 4, green 1, green 3, white 3, yellow 3, white 1, blue 4
mine now has white 5, blue 2, red 1, red 3, red 2
MOVE: 1 1 None 0 None 1
You hints mine about all their 1 hints remaining: 2
mine has white 5, blue 2, red 1, red 3, red 2
MOVE: 0 2 2 None None None
mine plays red 1 successfully! Board is now green 4, yellow 3, white 1, blue 2, red 1
mine now has white 5, blue 2, red 3, red 2, red 2
MOVE: 1 1 None 0 None 2
You hints mine about all their 2 hints remaining: 1
mine has white 5, blue 2, red 3, red 2, red 2
MOVE: 0 3 0 None None None
mine discards white 5
trash is now blue 1, blue 4, blue 3, yellow 4, red 4, green 1, green 3, white 3, yellow 3, white 1, blue 4, white 5
mine now has blue 2, red 3, red 2, red 2, white 3
MOVE: 1 0 None 0 4 None
You hints mine about all their red cards hints remaining: 1
mine has blue 2, red 3, red 2, red 2, white 3
MOVE: 0 2 2 None None None
mine plays red 2 successfully! Board is now green 4, yellow 3, white 1, blue 2, red 2
mine now has blue 2, red 3, red 2, white 3, red 1
MOVE: 1 3 4 1 None None
You discards white 4
trash is now blue 1, blue 4, blue 3, yellow 4, red 4, green 1, green 3, white 3, yellow 3, white 1, blue 4, white 5, white 4
You now has blue 5, green 1, red 5, red 3, green 2
MOVE: 0 1 None 1 None 3
mine hints You about all their 3 hints remaining: 1
You has blue 5, green 1, red 5, red 3, green 2
MOVE: 1 2 3 1 None None
You plays red 3 successfully! Board is now green 4, yellow 3, white 1, blue 2, red 3
You now has blue 5, green 1, red 5, green 2, blue 1
MOVE: 0 3 4 None None None
mine discards red 1
trash is now blue 1, blue 4, blue 3, yellow 4, red 4, green 1, green 3, white 3, yellow 3, white 1, blue 4, white 5, white 4, red 1
mine now has blue 2, red 3, red 2, white 3, white 1
MOVE: 1 3 4 1 None None
You discards blue 1
trash is now blue 1, blue 4, blue 3, yellow 4, red 4, green 1, green 3, white 3, yellow 3, white 1, blue 4, white 5, white 4, red 1, blue 1
You now has blue 5, green 1, red 5, green 2, green 5
MOVE: 0 1 None 1 None 5
mine hints You about all their 5 hints remaining: 2
You has blue 5, green 1, red 5, green 2, green 5
MOVE: 1 1 None 0 None 3
You hints mine about all their 3 hints remaining: 1
mine has blue 2, red 3, red 2, white 3, white 1
MOVE: 0 3 4 None None None
mine discards white 1
trash is now blue 1, blue 4, blue 3, yellow 4, red 4, green 1, green 3, white 3, yellow 3, white 1, blue 4, white 5, white 4, red 1, blue 1, white 1
mine now has blue 2, red 3, red 2, white 3, yellow 4
MOVE: 1 3 1 1 None None
You discards green 1
trash is now blue 1, blue 4, blue 3, yellow 4, red 4, green 1, green 3, white 3, yellow 3, white 1, blue 4, white 5, white 4, red 1, blue 1, white 1, green 1
You now has blue 5, red 5, green 2, green 5, yellow 1
MOVE: 0 3 4 None None None
mine discards yellow 4
trash is now blue 1, blue 4, blue 3, yellow 4, red 4, green 1, green 3, white 3, yellow 3, white 1, blue 4, white 5, white 4, red 1, blue 1, white 1, green 1, yellow 4
mine now has blue 2, red 3, red 2, white 3, yellow 5
MOVE: 1 1 None 0 None 5
You hints mine about all their 5 hints remaining: 3
mine has blue 2, red 3, red 2, white 3, yellow 5
MOVE: 0 2 0 None None None
mine plays blue 2 and fails. Board was green 4, yellow 3, white 1, blue 2, red 3
mine now has red 3, red 2, white 3, yellow 5, yellow 1
Score 13
