Treatment: ('mine', 5469)
[(2, 4), (1, 5), (3, 5), (3, 3), (1, 2), (4, 1), (4, 3), (4, 4), (3, 1), (4, 5), (1, 3), (1, 1), (2, 5), (2, 2), (2, 1), (2, 1), (0, 1), (2, 4), (3, 1), (4, 4), (0, 1), (0, 3), (3, 4), (4, 2), (0, 4), (1, 2), (3, 3), (4, 1), (1, 4), (2, 2), (3, 4), (0, 5), (3, 2), (2, 1), (4, 2), (0, 1), (4, 3), (2, 3), (0, 2), (2, 3)]
MOVE: 0 1 None 1 None 1
mine hints You about all their 1 hints remaining: 7
You has green 4, red 1, blue 1, blue 2, yellow 1
MOVE: 1 2 1 1 None None
You plays red 1 successfully! Board is now green 0, yellow 0, white 0, blue 0, red 1
You now has green 4, blue 1, blue 2, yellow 1, white 4
MOVE: 0 3 4 None None None
mine discards yellow 3
trash is now yellow 3
mine now has yellow 4, yellow 1, green 3, green 2, yellow 5
MOVE: 1 1 None 0 None 5
You hints mine about all their 5 hints remaining: 7
mine has yellow 4, yellow 1, green 3, green 2, yellow 5
MOVE: 0 3 3 None None None
mine discards green 2
trash is now yellow 3, green 2
mine now has yellow 4, yellow 1, green 3, yellow 5, blue 5
MOVE: 1 1 None 0 None 5
You hints mine about all their 5 hints remaining: 7
mine has yellow 4, yellow 1, green 3, yellow 5, blue 5
MOVE: 0 3 2 None None None
mine discards green 3
trash is now yellow 3, green 2, green 3
mine now has yellow 4, yellow 1, yellow 5, blue 5, blue 3
MOVE: 1 2 1 1 None None
You plays blue 1 successfully! Board is now green 0, yellow 0, white 0, blue 1, red 1
You now has green 4, blue 2, yellow 1, white 4, yellow 2
MOVE: 0 1 None 1 None 2
mine hints You about all their 2 hints remaining: 7
You has green 4, blue 2, yellow 1, white 4, yellow 2
MOVE: 1 2 4 1 None None
You plays yellow 2 and fails. Board was green 0, yellow 0, white 0, blue 1, red 1
You now has green 4, blue 2, yellow 1, white 4, red 1
MOVE: 0 3 4 None None None
mine discards blue 3
trash is now yellow 3, green 2, green 3, yellow 2, blue 3
mine now has yellow 4, yellow 1, yellow 5, blue 5, red 3
MOVE: 1 1 None 0 None 1
You hints mine about all their 1 hints remaining: 7
mine has yellow 4, yellow 1, yellow 5, blue 5, red 3
MOVE: 0 2 1 None None None
mine plays yellow 1 successfully! Board is now green 0, yellow 1, white 0, blue 1, red 1
mine now has yellow 4, yellow 5, blue 5, red 3, red 4
MOVE: 1 2 1 1 None None
You plays blue 2 successfully! Board is now green 0, yellow 1, white 0, blue 2, red 1
You now has green 4, yellow 1, white 4, red 1, blue 1
MOVE: 0 3 4 None None None
mine discards red 4
trash is now yellow 3, green 2, green 3, yellow 2, blue 3, red 4
mine now has yellow 4, yellow 5, blue 5, red 3, red 5
MOVE: 1 1 None 0 None 5
You hints mine about all their 5 hints remaining: 7
mine has yellow 4, yellow 5, blue 5, red 3, red 5
MOVE: 0 3 3 None None None
mine discards red 3
trash is now yellow 3, green 2, green 3, yellow 2, blue 3, red 4, red 3
mine now has yellow 4, yellow 5, blue 5, red 5, yellow 3
MOVE: 1 2 1 1 None None
You plays yellow 1 and fails. Board was green 0, yellow 1, white 0, blue 2, red 1
You now has green 4, white 4, red 1, blue 1, yellow 1
MOVE: 0 3 4 None None None
mine discards yellow 3
trash is now yellow 3, green 2, green 3, yellow 2, blue 3, red 4, red 3, yellow 1, yellow 3
mine now has yellow 4, yellow 5, blue 5, red 5, white 5
MOVE: 1 1 None 0 None 5
You hints mine about all their 5 hints remaining: 7
mine has yellow 4, yellow 5, blue 5, red 5, white 5
MOVE: 0 3 0 None None None
mine discards yellow 4
trash is now yellow 3, green 2, green 3, yellow 2, blue 3, red 4, red 3, yellow 1, yellow 3, yellow 4
mine now has yellow 5, blue 5, red 5, white 5, white 2
MOVE: 1 3 4 1 None None
You discards yellow 1
trash is now yellow 3, green 2, green 3, yellow 2, blue 3, red 4, red 3, yellow 1, yellow 3, yellow 4, yellow 1
You now has green 4, white 4, red 1, blue 1, white 1
MOVE: 0 0 None 1 2 None
mine hints You about all their white cards hints remaining: 7
You has green 4, white 4, red 1, blue 1, white 1
MOVE: 1 0 None 0 2 None
You hints mine about all their white cards hints remaining: 6
mine has yellow 5, blue 5, red 5, white 5, white 2
MOVE: 0 2 4 None None None
mine plays white 2 and fails. Board was green 0, yellow 1, white 0, blue 2, red 1
mine now has yellow 5, blue 5, red 5, white 5, white 1
Score 4
