Treatment: ('mine', 8374)
[(1, 4), (1, 1), (1, 1), (3, 1), (2, 1), (0, 3), (1, 2), (1, 2), (4, 2), (2, 3), (4, 3), (2, 1), (1, 3), (0, 5), (3, 3), (4, 1), (0, 2), (0, 4), (3, 3), (1, 4), (0, 1), (3, 2), (1, 5), (2, 2), (2, 4), (0, 1), (0, 1), (3, 2), (4, 4), (3, 4), (3, 4), (2, 1), (0, 3), (0, 4), (1, 3), (2, 5), (2, 3), (4, 1), (4, 4), (1, 1)]
MOVE: 0 1 None 1 None 1
mine hints You about all their 1 hints remaining: 7
You has blue 1, red 2, white 2, red 1, red 3
MOVE: 1 2 3 1 None None
You plays red 1 successfully! Board is now green 0, yellow 0, white 0, blue 0, red 1
You now has blue 1, red 2, white 2, red 3, yellow 4
MOVE: 0 0 None 1 3 None
mine hints You about all their blue cards hints remaining: 6
You has blue 1, red 2, white 2, red 3, yellow 4
MOVE: 1 2 0 1 None None
You plays blue 1 successfully! Board is now green 0, yellow 0, white 0, blue 1, red 1
You now has red 2, white 2, red 3, yellow 4, yellow 1
MOVE: 0 1 None 1 None 2
mine hints You about all their 2 hints remaining: 5
You has red 2, white 2, red 3, yellow 4, yellow 1
MOVE: 1 0 None 0 3 None
You hints mine about all their blue cards hints remaining: 4
mine has green 2, red 5, white 4, blue 5, blue 1
MOVE: 0 0 None 1 4 None
mine hints You about all their red cards hints remaining: 3
You has red 2, white 2, red 3, yellow 4, yellow 1
MOVE: 1 2 0 1 None None
You plays red 2 successfully! Board is now green 0, yellow 0, white 0, blue 1, red 2
You now has white 2, red 3, yellow 4, yellow 1, yellow 1
MOVE: 0 1 None 1 None 3
mine hints You about all their 3 hints remaining: 2
You has white 2, red 3, yellow 4, yellow 1, yellow 1
MOVE: 1 2 1 1 None None
You plays red 3 successfully! Board is now green 0, yellow 0, white 0, blue 1, red 3
You now has white 2, yellow 4, yellow 1, yellow 1, blue 1
MOVE: 0 1 None 1 None 1
mine hints You about all their 1 hints remaining: 1
You has white 2, yellow 4, yellow 1, yellow 1, blue 1
MOVE: 1 2 3 1 None None
You plays yellow 1 successfully! Board is now green 0, yellow 1, white 0, blue 1, red 3
You now has white 2, yellow 4, yellow 1, blue 1, white 1
MOVE: 0 1 None 1 None 1
mine hints You about all their 1 hints remaining: 0
You has white 2, yellow 4, yellow 1, blue 1, white 1
MOVE: 1 2 2 1 None None
You plays yellow 1 and fails. Board was green 0, yellow 1, white 0, blue 1, red 3
You now has white 2, yellow 4, blue 1, white 1, green 3
MOVE: 0 2 4 None None None
mine plays blue 1 and fails. Board was green 0, yellow 1, white 0, blue 1, red 3
mine now has green 2, red 5, white 4, blue 5, yellow 2
MOVE: 1 2 3 1 None None
You plays white 1 successfully! Board is now green 0, yellow 1, white 1, blue 1, red 3
You now has white 2, yellow 4, blue 1, green 3, yellow 2
MOVE: 0 3 3 None None None
mine discards blue 5
trash is now yellow 1, blue 1, blue 5
mine now has green 2, red 5, white 4, yellow 2, red 2
MOVE: 1 3 1 1 None None
You discards yellow 4
trash is now yellow 1, blue 1, blue 5, yellow 4
You now has white 2, blue 1, green 3, yellow 2, white 3
MOVE: 0 0 None 1 2 None
mine hints You about all their white cards hints remaining: 1
You has white 2, blue 1, green 3, yellow 2, white 3
MOVE: 1 1 None 0 None 5
You hints mine about all their 5 hints remaining: 0
mine has green 2, red 5, white 4, yellow 2, red 2
MOVE: 0 3 4 None None None
mine discards red 2
trash is now yellow 1, blue 1, blue 5, yellow 4, red 2
mine now has green 2, red 5, white 4, yellow 2, red 3
MOVE: 1 0 None 0 4 None
You hints mine about all their red cards hints remaining: 0
mine has green 2, red 5, white 4, yellow 2, red 3
MOVE: 0 2 2 None None None
mine plays white 4 and fails. Board was green 0, yellow 1, white 1, blue 1, red 3
mine now has green 2, red 5, yellow 2, red 3, white 1
Score 6
