Treatment: ('random', 7492)
[(2, 3), (3, 4), (1, 4), (3, 2), (0, 1), (4, 5), (3, 1), (2, 3), (3, 1), (2, 5), (1, 1), (1, 5), (0, 1), (2, 2), (1, 4), (0, 3), (4, 3), (3, 4), (2, 4), (1, 2), (1, 2), (4, 4), (4, 1), (4, 1), (1, 3), (2, 4), (2, 2), (0, 5), (2, 1), (2, 1), (3, 5), (4, 2), (3, 3), (4, 1), (2, 1), (1, 1), (0, 2), (0, 4), (4, 3), (1, 3)]
MOVE: 0 2 4 None None None
random plays blue 1 successfully! Board is now green 0, yellow 0, white 0, blue 1, red 0
random now has yellow 1, green 1, red 2, green 4, white 3
MOVE: 1 1 None 0 None 1
You hints random about all their 1 hints remaining: 7
random has yellow 1, green 1, red 2, green 4, white 3
MOVE: 0 2 3 None None None
random plays green 4 and fails. Board was green 0, yellow 0, white 0, blue 1, red 0
random now has yellow 1, green 1, red 2, white 3, blue 4
MOVE: 1 2 1 1 None None
You plays green 3 and fails. Board was green 0, yellow 0, white 0, blue 1, red 0
You now has red 4, blue 3, blue 2, green 2, yellow 4
MOVE: 0 3 3 None None None
random discards white 3
trash is now green 4, green 3, white 3
random now has yellow 1, green 1, red 2, blue 4, blue 2
MOVE: 1 0 None 0 3 None
You hints random about all their blue cards hints remaining: 7
random has yellow 1, green 1, red 2, blue 4, blue 2
MOVE: 0 0 None 1 0 None
random hints You about all their green cards hints remaining: 6
You has red 4, blue 3, blue 2, green 2, yellow 4
MOVE: 1 1 None 0 None 2
You hints random about all their 2 hints remaining: 5
random has yellow 1, green 1, red 2, blue 4, blue 2
MOVE: 0 0 None 1 4 None
random hints You about all their red cards hints remaining: 4
You has red 4, blue 3, blue 2, green 2, yellow 4
MOVE: 1 2 0 1 None None
You plays red 4 and fails. Board was green 0, yellow 0, white 0, blue 1, red 0
You now has blue 3, blue 2, green 2, yellow 4, green 1
Score 1
