Treatment: ('mine', 5727)
[(3, 2), (4, 1), (0, 2), (3, 1), (2, 2), (0, 4), (1, 1), (1, 4), (1, 1), (1, 5), (4, 1), (3, 4), (2, 1), (4, 5), (0, 3), (2, 1), (0, 5), (2, 5), (4, 4), (1, 3), (0, 4), (2, 3), (1, 3), (1, 2), (4, 3), (2, 4), (0, 1), (1, 1), (1, 2), (2, 3), (4, 4), (3, 2), (4, 3), (2, 4), (4, 2), (3, 4), (3, 1), (0, 3), (2, 2), (3, 5)]
MOVE: 0 1 None 1 None 1
mine hints You about all their 1 hints remaining: 7
You has green 1, blue 3, green 1, blue 3, blue 1
MOVE: 1 1 None 0 None 1
You hints mine about all their 1 hints remaining: 6
mine has green 2, red 2, red 1, yellow 4, white 1
MOVE: 0 2 2 None None None
mine plays red 1 successfully! Board is now green 0, yellow 0, white 0, blue 0, red 1
mine now has green 2, red 2, yellow 4, white 1, blue 2
MOVE: 1 2 2 1 None None
You plays green 1 successfully! Board is now green 1, yellow 0, white 0, blue 0, red 1
You now has green 1, blue 3, blue 3, blue 1, red 1
MOVE: 0 1 None 1 None 1
mine hints You about all their 1 hints remaining: 5
You has green 1, blue 3, blue 3, blue 1, red 1
MOVE: 1 0 None 0 3 None
You hints mine about all their blue cards hints remaining: 4
mine has green 2, red 2, yellow 4, white 1, blue 2
MOVE: 0 1 None 1 None 1
mine hints You about all their 1 hints remaining: 3
You has green 1, blue 3, blue 3, blue 1, red 1
MOVE: 1 2 3 1 None None
You plays blue 1 successfully! Board is now green 1, yellow 0, white 0, blue 1, red 1
You now has green 1, blue 3, blue 3, red 1, green 2
MOVE: 0 0 None 1 0 None
mine hints You about all their green cards hints remaining: 2
You has green 1, blue 3, blue 3, red 1, green 2
MOVE: 1 2 0 1 None None
You plays green 1 and fails. Board was green 1, yellow 0, white 0, blue 1, red 1
You now has blue 3, blue 3, red 1, green 2, blue 1
MOVE: 0 0 None 1 0 None
mine hints You about all their green cards hints remaining: 1
You has blue 3, blue 3, red 1, green 2, blue 1
MOVE: 1 1 None 0 None 1
You hints mine about all their 1 hints remaining: 0
mine has green 2, red 2, yellow 4, white 1, blue 2
MOVE: 0 2 2 None None None
mine plays yellow 4 and fails. Board was green 1, yellow 0, white 0, blue 1, red 1
mine now has green 2, red 2, white 1, blue 2, white 2
MOVE: 1 3 4 1 None None
You discards blue 1
trash is now green 1, yellow 4, blue 1
You now has blue 3, blue 3, red 1, green 2, green 4
MOVE: 0 0 None 1 0 None
mine hints You about all their green cards hints remaining: 0
You has blue 3, blue 3, red 1, green 2, green 4
MOVE: 1 3 1 1 None None
You discards blue 3
trash is now green 1, yellow 4, blue 1, blue 3
You now has blue 3, red 1, green 2, green 4, yellow 1
MOVE: 0 1 None 1 None 2
mine hints You about all their 2 hints remaining: 0
You has blue 3, red 1, green 2, green 4, yellow 1
MOVE: 1 2 2 1 None None
You plays green 2 successfully! Board is now green 2, yellow 0, white 0, blue 1, red 1
You now has blue 3, red 1, green 4, yellow 1, yellow 4
MOVE: 0 2 1 None None None
mine plays red 2 successfully! Board is now green 2, yellow 0, white 0, blue 1, red 2
mine now has green 2, white 1, blue 2, white 2, yellow 1
MOVE: 1 3 3 1 None None
You discards yellow 1
trash is now green 1, yellow 4, blue 1, blue 3, yellow 1
You now has blue 3, red 1, green 4, yellow 4, yellow 5
MOVE: 0 0 None 1 3 None
mine hints You about all their blue cards hints remaining: 0
You has blue 3, red 1, green 4, yellow 4, yellow 5
MOVE: 1 3 4 1 None None
You discards yellow 5
trash is now green 1, yellow 4, blue 1, blue 3, yellow 1, yellow 5
You now has blue 3, red 1, green 4, yellow 4, red 1
MOVE: 0 3 3 None None None
mine discards white 2
trash is now green 1, yellow 4, blue 1, blue 3, yellow 1, yellow 5, white 2
mine now has green 2, white 1, blue 2, yellow 1, blue 4
MOVE: 1 0 None 0 3 None
You hints mine about all their blue cards hints remaining: 1
mine has green 2, white 1, blue 2, yellow 1, blue 4
MOVE: 0 1 None 1 None 4
mine hints You about all their 4 hints remaining: 0
You has blue 3, red 1, green 4, yellow 4, red 1
MOVE: 1 3 4 1 None None
You discards red 1
trash is now green 1, yellow 4, blue 1, blue 3, yellow 1, yellow 5, white 2, red 1
You now has blue 3, red 1, green 4, yellow 4, white 1
MOVE: 0 1 None 1 None 1
mine hints You about all their 1 hints remaining: 0
You has blue 3, red 1, green 4, yellow 4, white 1
MOVE: 1 2 1 1 None None
You plays red 1 and fails. Board was green 2, yellow 0, white 0, blue 1, red 2
You now has blue 3, green 4, yellow 4, white 1, red 5
Score 5
