Treatment: ('mine', 830)
[(0, 2), (2, 2), (2, 4), (1, 1), (3, 4), (0, 3), (0, 2), (0, 1), (3, 3), (2, 2), (2, 3), (3, 4), (4, 2), (2, 1), (1, 1), (3, 1), (4, 4), (3, 1), (3, 3), (0, 4), (2, 5), (4, 3), (4, 4), (0, 4), (1, 5), (3, 5), (1, 4), (3, 2), (4, 5), (2, 3), (1, 3), (4, 1), (0, 1), (4, 1), (2, 4), (4, 3), (1, 4), (1, 2), (4, 2), (0, 3)]
MOVE: 0 0 None 1 4 None
mine hints You about all their red cards hints remaining: 7
You has blue 2, red 1, green 5, yellow 2, green 1
MOVE: 1 1 None 0 None 1
You hints mine about all their 1 hints remaining: 6
mine has white 1, blue 1, white 1, yellow 1, yellow 3
MOVE: 0 1 None 1 None 1
mine hints You about all their 1 hints remaining: 5
You has blue 2, red 1, green 5, yellow 2, green 1
MOVE: 1 2 1 1 None None
You plays red 1 successfully! Board is now green 0, yellow 0, white 0, blue 0, red 1
You now has blue 2, green 5, yellow 2, green 1, green 2
MOVE: 0 1 None 1 None 2
mine hints You about all their 2 hints remaining: 4
You has blue 2, green 5, yellow 2, green 1, green 2
MOVE: 1 2 0 1 None None
You plays blue 2 and fails. Board was green 0, yellow 0, white 0, blue 0, red 1
You now has green 5, yellow 2, green 1, green 2, white 2
MOVE: 0 0 None 1 2 None
mine hints You about all their white cards hints remaining: 3
You has green 5, yellow 2, green 1, green 2, white 2
MOVE: 1 1 None 0 None 1
You hints mine about all their 1 hints remaining: 2
mine has white 1, blue 1, white 1, yellow 1, yellow 3
MOVE: 0 1 None 1 None 5
mine hints You about all their 5 hints remaining: 1
You has green 5, yellow 2, green 1, green 2, white 2
MOVE: 1 2 2 1 None None
You plays green 1 successfully! Board is now green 1, yellow 0, white 0, blue 0, red 1
You now has green 5, yellow 2, green 2, white 2, white 4
MOVE: 0 2 0 None None None
mine plays white 1 successfully! Board is now green 1, yellow 0, white 1, blue 0, red 1
mine now has blue 1, white 1, yellow 1, yellow 3, yellow 1
MOVE: 1 0 None 0 2 None
You hints mine about all their white cards hints remaining: 0
mine has blue 1, white 1, yellow 1, yellow 3, yellow 1
MOVE: 0 2 0 None None None
mine plays blue 1 successfully! Board is now green 1, yellow 0, white 1, blue 1, red 1
mine now has white 1, yellow 1, yellow 3, yellow 1, blue 4
MOVE: 1 3 4 1 None None
You discards white 4
trash is now blue 2, white 4
You now has green 5, yellow 2, green 2, white 2, green 3
MOVE: 0 2 1 None None None
mine plays yellow 1 successfully! Board is now green 1, yellow 1, white 1, blue 1, red 1
mine now has white 1, yellow 3, yellow 1, blue 4, green 2
MOVE: 1 0 None 0 0 None
You hints mine about all their green cards hints remaining: 0
mine has white 1, yellow 3, yellow 1, blue 4, green 2
MOVE: 0 3 0 None None None
mine discards white 1
trash is now blue 2, white 4, white 1
mine now has yellow 3, yellow 1, blue 4, green 2, green 1
MOVE: 1 3 4 1 None None
You discards green 3
trash is now blue 2, white 4, white 1, green 3
You now has green 5, yellow 2, green 2, white 2, blue 3
MOVE: 0 3 4 None None None
mine discards green 1
trash is now blue 2, white 4, white 1, green 3, green 1
mine now has yellow 3, yellow 1, blue 4, green 2, white 2
MOVE: 1 1 None 0 None 2
You hints mine about all their 2 hints remaining: 2
mine has yellow 3, yellow 1, blue 4, green 2, white 2
MOVE: 0 2 3 None None None
mine plays green 2 successfully! Board is now green 2, yellow 1, white 1, blue 1, red 1
mine now has yellow 3, yellow 1, blue 4, white 2, white 3
MOVE: 1 0 None 0 2 None
You hints mine about all their white cards hints remaining: 1
mine has yellow 3, yellow 1, blue 4, white 2, white 3
MOVE: 0 2 3 None None None
mine plays white 2 successfully! Board is now green 2, yellow 1, white 2, blue 1, red 1
mine now has yellow 3, yellow 1, blue 4, white 3, blue 4
MOVE: 1 3 4 1 None None
You discards blue 3
trash is now blue 2, white 4, white 1, green 3, green 1, blue 3
You now has green 5, yellow 2, green 2, white 2, red 2
MOVE: 0 1 None 1 None 2
mine hints You about all their 2 hints remaining: 1
You has green 5, yellow 2, green 2, white 2, red 2
MOVE: 1 3 3 1 None None
You discards white 2
trash is now blue 2, white 4, white 1, green 3, green 1, blue 3, white 2
You now has green 5, yellow 2, green 2, red 2, white 1
MOVE: 0 3 4 None None None
mine discards blue 4
trash is now blue 2, white 4, white 1, green 3, green 1, blue 3, white 2, blue 4
mine now has yellow 3, yellow 1, blue 4, white 3, yellow 1
MOVE: 1 1 None 0 None 1
You hints mine about all their 1 hints remaining: 2
mine has yellow 3, yellow 1, blue 4, white 3, yellow 1
MOVE: 0 3 1 None None None
mine discards yellow 1
trash is now blue 2, white 4, white 1, green 3, green 1, blue 3, white 2, blue 4, yellow 1
mine now has yellow 3, blue 4, white 3, yellow 1, blue 1
MOVE: 1 1 None 0 None 1
You hints mine about all their 1 hints remaining: 2
mine has yellow 3, blue 4, white 3, yellow 1, blue 1
MOVE: 0 3 3 None None None
mine discards yellow 1
trash is now blue 2, white 4, white 1, green 3, green 1, blue 3, white 2, blue 4, yellow 1, yellow 1
mine now has yellow 3, blue 4, white 3, blue 1, red 4
MOVE: 1 3 4 1 None None
You discards white 1
trash is now blue 2, white 4, white 1, green 3, green 1, blue 3, white 2, blue 4, yellow 1, yellow 1, white 1
You now has green 5, yellow 2, green 2, red 2, blue 1
MOVE: 0 3 3 None None None
mine discards blue 1
trash is now blue 2, white 4, white 1, green 3, green 1, blue 3, white 2, blue 4, yellow 1, yellow 1, white 1, blue 1
mine now has yellow 3, blue 4, white 3, red 4, blue 3
MOVE: 1 1 None 0 None 3
You hints mine about all their 3 hints remaining: 4
mine has yellow 3, blue 4, white 3, red 4, blue 3
MOVE: 0 2 2 None None None
mine plays white 3 successfully! Board is now green 2, yellow 1, white 3, blue 1, red 1
mine now has yellow 3, blue 4, red 4, blue 3, green 4
MOVE: 1 3 4 1 None None
You discards blue 1
trash is now blue 2, white 4, white 1, green 3, green 1, blue 3, white 2, blue 4, yellow 1, yellow 1, white 1, blue 1, blue 1
You now has green 5, yellow 2, green 2, red 2, white 5
MOVE: 0 1 None 1 None 5
mine hints You about all their 5 hints remaining: 4
You has green 5, yellow 2, green 2, red 2, white 5
MOVE: 1 2 1 1 None None
You plays yellow 2 successfully! Board is now green 2, yellow 2, white 3, blue 1, red 1
You now has green 5, green 2, red 2, white 5, red 3
MOVE: 0 2 0 None None None
mine plays yellow 3 successfully! Board is now green 2, yellow 3, white 3, blue 1, red 1
mine now has blue 4, red 4, blue 3, green 4, red 4
MOVE: 1 0 None 0 4 None
You hints mine about all their red cards hints remaining: 3
mine has blue 4, red 4, blue 3, green 4, red 4
MOVE: 0 2 1 None None None
mine plays red 4 and fails. Board was green 2, yellow 3, white 3, blue 1, red 1
mine now has blue 4, blue 3, green 4, red 4, green 4
MOVE: 1 2 1 1 None None
You plays green 2 and fails. Board was green 2, yellow 3, white 3, blue 1, red 1
You now has green 5, red 2, white 5, red 3, yellow 5
Score 10
